  GlutProject.cpp
C:\Users\alfma\source\repos\GlutProject\GlutProject\GlutProject.cpp(7,19): warning C4305: 'initializing': truncation from 'double' to 'float'
C:\Users\alfma\source\repos\GlutProject\GlutProject\GlutProject.cpp(7,42): warning C4305: 'initializing': truncation from 'double' to 'float'
C:\Users\alfma\source\repos\GlutProject\GlutProject\GlutProject.cpp(8,20): warning C4305: 'initializing': truncation from 'double' to 'float'
C:\Users\alfma\source\repos\GlutProject\GlutProject\GlutProject.cpp(8,47): warning C4305: 'initializing': truncation from 'double' to 'float'
C:\Users\alfma\source\repos\GlutProject\GlutProject\GlutProject.cpp(12,22): warning C4305: 'initializing': truncation from 'double' to 'float'
C:\Users\alfma\source\repos\GlutProject\GlutProject\GlutProject.cpp(12,39): warning C4305: 'initializing': truncation from 'double' to 'float'
C:\Users\alfma\source\repos\GlutProject\GlutProject\GlutProject.cpp(12,56): warning C4305: 'initializing': truncation from 'double' to 'float'
C:\Users\alfma\source\repos\GlutProject\GlutProject\GlutProject.cpp(13,41): warning C4305: 'initializing': truncation from 'double' to 'float'
C:\Users\alfma\source\repos\GlutProject\GlutProject\GlutProject.cpp(15,39): warning C4305: 'initializing': truncation from 'double' to 'float'
C:\Users\alfma\source\repos\GlutProject\GlutProject\GlutProject.cpp(16,21): warning C4305: 'initializing': truncation from 'double' to 'float'
C:\Users\alfma\source\repos\GlutProject\GlutProject\GlutProject.cpp(16,37): warning C4305: 'initializing': truncation from 'double' to 'float'
C:\Users\alfma\source\repos\GlutProject\GlutProject\GlutProject.cpp(16,53): warning C4305: 'initializing': truncation from 'double' to 'float'
C:\Users\alfma\source\repos\GlutProject\GlutProject\GlutProject.cpp(20,27): warning C4305: 'initializing': truncation from 'double' to 'float'
C:\Users\alfma\source\repos\GlutProject\GlutProject\GlutProject.cpp(21,28): warning C4305: 'initializing': truncation from 'double' to 'float'
C:\Users\alfma\source\repos\GlutProject\GlutProject\GlutProject.cpp(24,55): warning C4305: '+=': truncation from 'double' to 'float'
C:\Users\alfma\source\repos\GlutProject\GlutProject\GlutProject.cpp(29,35): warning C4305: 'argument': truncation from 'double' to 'GLfloat'
C:\Users\alfma\source\repos\GlutProject\GlutProject\GlutProject.cpp(37,30): warning C4305: '-=': truncation from 'double' to 'float'
C:\Users\alfma\source\repos\GlutProject\GlutProject\GlutProject.cpp(41,31): warning C4305: 'argument': truncation from 'double' to 'GLfloat'
C:\Users\alfma\source\repos\GlutProject\GlutProject\GlutProject.cpp(45,31): warning C4305: 'argument': truncation from 'double' to 'GLfloat'
C:\Users\alfma\source\repos\GlutProject\GlutProject\GlutProject.cpp(50,34): warning C4305: 'argument': truncation from 'double' to 'GLfloat'
C:\Users\alfma\source\repos\GlutProject\GlutProject\GlutProject.cpp(59,30): warning C4305: 'argument': truncation from 'double' to 'GLfloat'
C:\Users\alfma\source\repos\GlutProject\GlutProject\GlutProject.cpp(63,31): warning C4305: 'argument': truncation from 'double' to 'GLfloat'
C:\Users\alfma\source\repos\GlutProject\GlutProject\GlutProject.cpp(68,31): warning C4305: 'argument': truncation from 'double' to 'GLfloat'
C:\Users\alfma\source\repos\GlutProject\GlutProject\GlutProject.cpp(72,31): warning C4305: 'argument': truncation from 'double' to 'GLfloat'
C:\Users\alfma\source\repos\GlutProject\GlutProject\GlutProject.cpp(77,30): warning C4305: 'argument': truncation from 'double' to 'GLfloat'
C:\Users\alfma\source\repos\GlutProject\GlutProject\GlutProject.cpp(81,31): warning C4305: 'argument': truncation from 'double' to 'GLfloat'
C:\Users\alfma\source\repos\GlutProject\GlutProject\GlutProject.cpp(95,25): warning C4305: 'initializing': truncation from 'double' to 'float'
C:\Users\alfma\source\repos\GlutProject\GlutProject\GlutProject.cpp(95,41): warning C4305: 'initializing': truncation from 'double' to 'float'
C:\Users\alfma\source\repos\GlutProject\GlutProject\GlutProject.cpp(95,57): warning C4305: 'initializing': truncation from 'double' to 'float'
C:\Users\alfma\source\repos\GlutProject\GlutProject\GlutProject.cpp(163,32): warning C4305: 'argument': truncation from 'double' to 'GLfloat'
C:\Users\alfma\source\repos\GlutProject\GlutProject\GlutProject.cpp(221,35): warning C4305: 'argument': truncation from 'double' to 'GLfloat'
C:\Users\alfma\source\repos\GlutProject\GlutProject\GlutProject.cpp(224,35): warning C4305: 'argument': truncation from 'double' to 'GLfloat'
C:\Users\alfma\source\repos\GlutProject\GlutProject\GlutProject.cpp(229,35): warning C4305: 'argument': truncation from 'double' to 'GLfloat'
C:\Users\alfma\source\repos\GlutProject\GlutProject\GlutProject.cpp(232,35): warning C4305: 'argument': truncation from 'double' to 'GLfloat'
C:\Users\alfma\source\repos\GlutProject\GlutProject\GlutProject.cpp(281,30): warning C4305: '+=': truncation from 'double' to 'float'
C:\Users\alfma\source\repos\GlutProject\GlutProject\GlutProject.cpp(293,29): warning C4305: '+=': truncation from 'double' to 'float'
C:\Users\alfma\source\repos\GlutProject\GlutProject\GlutProject.cpp(429,23): warning C4305: '+=': truncation from 'double' to 'float'
C:\Users\alfma\source\repos\GlutProject\GlutProject\GlutProject.cpp(430,35): warning C4305: '+=': truncation from 'double' to 'float'
C:\Users\alfma\source\repos\GlutProject\GlutProject\GlutProject.cpp(436,27): warning C4305: '-=': truncation from 'double' to 'float'
C:\Users\alfma\source\repos\GlutProject\GlutProject\GlutProject.cpp(438,43): warning C4305: '-=': truncation from 'double' to 'float'
C:\Users\alfma\source\repos\GlutProject\GlutProject\GlutProject.cpp(453,22): warning C4305: '+=': truncation from 'double' to 'float'
C:\Users\alfma\source\repos\GlutProject\GlutProject\GlutProject.cpp(454,34): warning C4305: '+=': truncation from 'double' to 'float'
C:\Users\alfma\source\repos\GlutProject\GlutProject\GlutProject.cpp(460,26): warning C4305: '-=': truncation from 'double' to 'float'
C:\Users\alfma\source\repos\GlutProject\GlutProject\GlutProject.cpp(462,42): warning C4305: '-=': truncation from 'double' to 'float'
  GlutProject.vcxproj -> C:\Users\alfma\source\repos\GlutProject\x64\Debug\GlutProject.exe
